<component name="libraryTable">
  <library name="junit-jupiter-engine-5.11.4">
    <CLASSES>
      <root url="jar://$PROJECT_DIR$/../junit 5 file/junit-jupiter-engine-5.11.4.jar!/" />
    </CLASSES>
    <JAVADOC />
    <SOURCES />
  </library>
</component>