<component name="libraryTable">
  <library name="junit-platform-console-standalone-1.11.4">
    <CLASSES>
      <root url="jar://$PROJECT_DIR$/../junit 5 file/junit-platform-console-standalone-1.11.4.jar!/" />
    </CLASSES>
    <JAVADOC />
    <SOURCES />
  </library>
</component>